
> deer-flow-frontend@0.1.0 dev /app/frontend
> next dev --turbo

- [36minfo[0m [nextra] You have Next.js i18n enabled, read here https://nextjs.org/docs/app/building-your-application/routing/internationalization for the docs.
▲ Next.js 16.1.7 (Turbopack)
- Local:         http://localhost:3000
- Network:       http://192.168.200.2:3000
- Environments: .env
- Experiments (use with caution):
  · optimizePackageImports

✓ Starting...
✓ Ready in 2.9s
○ Compiling / ...
 GET / 200 in 5.2s (compile: 4.4s, render: 792ms)
○ Compiling /workspace ...
 GET /workspace 200 in 5.1s (compile: 5.1s, render: 59ms)
 GET /workspace/chats/new 200 in 1917ms (compile: 1793ms, render: 125ms)
 GET /workspace/chats/new 200 in 253ms (compile: 117ms, render: 136ms)
 GET /workspace/chats/new 200 in 47ms (compile: 18ms, render: 29ms)
○ Compiling /workspace/chats ...
 GET /workspace/chats/new 200 in 970ms (compile: 846ms, render: 124ms)
 GET /workspace/chats 200 in 15.5s (compile: 15.3s, render: 171ms)
 GET /workspace/agents 200 in 14.0s (compile: 13.7s, render: 291ms)
 GET /workspace/chats 200 in 189ms (compile: 25ms, render: 164ms)
 GET /workspace/chats 200 in 91ms (compile: 16ms, render: 76ms)
 GET /workspace/chats 200 in 36ms (compile: 13ms, render: 23ms)
 GET /workspace/agents 200 in 49ms (compile: 10ms, render: 39ms)
○ Compiling /workspace/agents/new ...
 GET /workspace/agents/new 200 in 7.0s (compile: 7.0s, render: 37ms)
 GET /workspace/chats/new 200 in 230ms (compile: 198ms, render: 33ms)
 GET /workspace/chats/new 200 in 432ms (compile: 327ms, render: 104ms)
